  sandbox.cpp
  sandbox.vcxproj -> D:\Dev\Hyperion\projects\sandbox\..\..\build\bin\debug-windows-x86_64\sandbox.exe

Project Performance Summary:
       10 ms  D:\Dev\Hyperion\projects\hyperion\hyperion.vcxproj   4 calls
                  0 ms  GetTargetPath                              1 calls
                  0 ms  GetNativeManifest                          1 calls
                 10 ms  GetResolvedLinkLibs                        1 calls
                  0 ms  GetCopyToOutputDirectoryItems              1 calls
     3150 ms  D:\Dev\Hyperion\projects\sandbox\sandbox.vcxproj   1 calls
               3150 ms  Build                                      1 calls

Target Performance Summary:
        0 ms  MakeDirsForResourceCompile                 1 calls
        0 ms  PrepareResourceNames                       1 calls
        0 ms  CreateCustomManifestResourceNames          1 calls
        0 ms  SplitResourcesByCulture                    1 calls
        0 ms  AssignTargetPaths                          2 calls
        0 ms  ComputeManifestInputsTargets               1 calls
        0 ms  ComputeReferenceLinkInputs                 1 calls
        0 ms  ComputeResolveLinkObj                      1 calls
        0 ms  GetResolvedLinkLibs                        1 calls
        0 ms  ComputeLinkInputsFromProject               1 calls
        0 ms  ComputeCLGeneratedLinkInputs               1 calls
        0 ms  ComputeCLOutputs                           1 calls
        0 ms  ComputeManifestGeneratedLinkerInputs       1 calls
        0 ms  ComputeRCGeneratedLinkInputs               1 calls
        0 ms  ComputeRCOutputs                           1 calls
        0 ms  BeforeLink                                 1 calls
        0 ms  ComputeLegacyManifestEmbedding             1 calls
        0 ms  BuildLinkTraverse                          1 calls
        0 ms  BuildCompile                               1 calls
        0 ms  _BuildCompileAction                        1 calls
        0 ms  AfterBuildCompileEvent                     1 calls
        0 ms  _ResourceCompile                           1 calls
        0 ms  AfterResourceCompile                       1 calls
        0 ms  FinalizeBuildStatus                        1 calls
        0 ms  DoLinkOutputFilesMatch                     1 calls
        0 ms  PreLinkEvent                               1 calls
        0 ms  ComputeLinkSwitches                        1 calls
        0 ms  ComputeLinkImportLibraryOutputsForClean    1 calls
        0 ms  AfterBuild                                 1 calls
        0 ms  BuildLink                                  1 calls
        0 ms  _BuildLinkAction                           1 calls
        0 ms  PrepareForRun                              1 calls
        0 ms  CopyFilesToOutputDirectory                 1 calls
        0 ms  _CheckForCompileOutputs                    1 calls
        0 ms  _CopySourceItemsToOutputDirectory          1 calls
        0 ms  GetCopyToOutputDirectoryXamlAppDefs        2 calls
        0 ms  _Deploy                                    1 calls
        0 ms  _Appverifier                               1 calls
        0 ms  CreateSatelliteAssemblies                  1 calls
        0 ms  BeforeResourceCompile                      1 calls
        0 ms  _GenerateSatelliteAssemblyInputs           1 calls
        0 ms  MakeDirsForBscMake                         1 calls
        0 ms  ComputeCLCompileGeneratedSbrFiles          1 calls
        0 ms  _XdcMake                                   1 calls
        0 ms  MakeDirsForXdcMake                         1 calls
        0 ms  ComputeCLCompileGeneratedXDCFiles          1 calls
        0 ms  ResolvedXDCMake                            1 calls
        0 ms  RegisterOutput                             1 calls
        0 ms  _Manifest                                  1 calls
        0 ms  _ALink                                     1 calls
        0 ms  _Link                                      1 calls
        0 ms  AfterLink                                  1 calls
        0 ms  _BscMake                                   1 calls
        0 ms  _ClCompile                                 1 calls
        0 ms  Build                                      1 calls
        0 ms  ResolveReferences                          2 calls
        0 ms  AfterClCompile                             1 calls
        0 ms  AfterResolveReferences                     2 calls
        0 ms  ResolveAssemblyReferences                  2 calls
        0 ms  _HandlePackageFileConflicts                2 calls
        0 ms  ExpandSDKReferences                        2 calls
        0 ms  ResolveSDKReferences                       2 calls
        0 ms  PrepareForBuild                            2 calls
        0 ms  SetCABuildNativeEnvironmentVariables       2 calls
        0 ms  _CheckWindowsSDKInstalled                  2 calls
        0 ms  GetReferenceAssemblyPaths                  2 calls
        0 ms  _PrepareForBuild                           1 calls
        0 ms  GetFrameworkPaths                          2 calls
        0 ms  GetTargetPath                              1 calls
        0 ms  GetTargetPathWithTargetPlatformMoniker     1 calls
        0 ms  GetResolvedWinMD                           2 calls
        0 ms  _RemoveNameMetadataFromProjectReferenceItems   1 calls
        0 ms  PrepareProjectReferences                   2 calls
        0 ms  _GetProjectReferenceTargetFrameworkProperties   2 calls
        0 ms  _SplitProjectReferencesByFileExistence     2 calls
        0 ms  AssignProjectConfiguration                 2 calls
        0 ms  BeforeResolveReferences                    2 calls
        0 ms  _PrepareForReferenceResolution             2 calls
        0 ms  GetNativeManifest                          1 calls
        0 ms  BuildGenerateSourcesTraverse               1 calls
        0 ms  SetTelemetryEnvironmentVariables           1 calls
        0 ms  BeforeBuildGenerateSources                 1 calls
        0 ms  SelectClCompile                            1 calls
        0 ms  MakeDirsForCl                              1 calls
        0 ms  FixupCLCompileOptions                      1 calls
        0 ms  ComputeReferenceCLInput                    1 calls
        0 ms  ComputeCLInputPDBName                      1 calls
        0 ms  BeforeClCompile                            1 calls
        0 ms  BuildCompileTraverse                       1 calls
        0 ms  BuildGenerateSources                       1 calls
        0 ms  _BuildGenerateSourcesAction                1 calls
        0 ms  AfterBuildGenerateSourcesEvent             1 calls
        0 ms  _Midl                                      1 calls
        0 ms  AfterMidl                                  1 calls
        0 ms  AfterBuildGenerateSources                  1 calls
        0 ms  ComputeMIDLGeneratedCompileInputs          1 calls
        0 ms  MakeDirsForMidl                            1 calls
        0 ms  PreBuildEvent                              1 calls
        0 ms  _Xsd                                       1 calls
        0 ms  _SelectedFiles                             1 calls
        0 ms  CopyFileToFolders                          1 calls
        0 ms  CustomBuild                                1 calls
        0 ms  SelectCustomBuild                          1 calls
        0 ms  ComputeCustomBuildOutput                   1 calls
        0 ms  MakeDirsForLink                            1 calls
        5 ms  _CheckForInvalidConfigurationAndPlatform   2 calls
       10 ms  GetCopyToOutputDirectoryItems              2 calls
       10 ms  ResolvedLinkLib                            2 calls
       10 ms  InitializeBuildStatus                      1 calls
       20 ms  SetBuildDefaultEnvironmentVariables        2 calls
       45 ms  ResolveProjectReferences                   2 calls
      100 ms  PostBuildEvent                             1 calls
     1469 ms  ClCompile                                  1 calls
     1480 ms  Link                                       1 calls

Task Performance Summary:
        0 ms  Message                                    5 calls
        0 ms  AssignCulture                              1 calls
        0 ms  AssignTargetPath                          12 calls
        0 ms  GetOutOfDateItems                          3 calls
        0 ms  WriteLinesToFile                           1 calls
        0 ms  ResolvePackageFileConflicts                2 calls
        0 ms  ReadLinesFromFile                          1 calls
        0 ms  MakeDir                                   11 calls
        0 ms  ResolveNonMSBuildProjectOutput             1 calls
        0 ms  AssignProjectConfiguration                 2 calls
        0 ms  CheckVCToolsetVersion                      2 calls
        0 ms  Delete                                     1 calls
       10 ms  Touch                                      2 calls
       20 ms  SetEnv                                    13 calls
       65 ms  MSBuild                                    5 calls
      100 ms  Exec                                       1 calls
     1469 ms  CL                                         1 calls
     1480 ms  Link                                       1 calls
