  hyppch.cpp
  application.cpp
  input.cpp
  audio_engine.cpp
  string_utils.cpp
  opengl_buffer.cpp
  opengl_graphics_context.cpp
  opengl_render_api.cpp
  opengl_render_texture.cpp
  opengl_shader.cpp
  opengl_texture_2d.cpp
  opengl_vertex_array.cpp
  camera_controller.cpp
  file_watcher.cpp
  bounds.cpp
  mat4.cpp
  mathf.cpp
  vec2.cpp
  vec3.cpp
  vec4.cpp
  windows_display.cpp
  Generating Code...
  Compiling...
  windows_file_utilities.cpp
  windows_file_watcher.cpp
  windows_opengl_graphics_context.cpp
  windows_operating_system.cpp
  windows_timer.cpp
  windows_window.cpp
  buffer.cpp
  camera.cpp
  immediate_renderer.cpp
  mesh.cpp
  render_command.cpp
  render_texture.cpp
  renderer.cpp
  shader.cpp
  texture.cpp
  vertex_array.cpp
  engine.cpp
  log.cpp
  stbi.cpp
  Generating Code...
  hyperion.vcxproj -> D:\Dev\Hyperion\projects\hyperion\..\..\build\bin\debug-windows-x86_64\hyperion.lib

Project Performance Summary:
    10483 ms  D:\Dev\Hyperion\projects\hyperion\hyperion.vcxproj   1 calls
              10483 ms  Build                                      1 calls

Target Performance Summary:
        0 ms  AfterClCompile                             1 calls
        0 ms  BuildCompile                               1 calls
        0 ms  _BuildCompileAction                        1 calls
        0 ms  AfterBuildCompileEvent                     1 calls
        0 ms  _Lib                                       1 calls
        0 ms  AfterLib                                   1 calls
        0 ms  PreLinkEvent                               1 calls
        0 ms  DoLibOutputFilesMatch                      1 calls
        0 ms  MakeDirsForLib                             1 calls
        0 ms  ComputeLibInputsFromProject                1 calls
        0 ms  ComputeCLGeneratedLibInputs                1 calls
        0 ms  ComputeCLOutputs                           1 calls
        0 ms  ComputeRCGeneratedLibInputs                1 calls
        0 ms  ComputeRCOutputs                           1 calls
        0 ms  ComputeLibAdditionalOptions                1 calls
        0 ms  BeforeLib                                  1 calls
        0 ms  _ResourceCompile                           1 calls
        0 ms  AfterResourceCompile                       1 calls
        0 ms  MakeDirsForResourceCompile                 1 calls
        0 ms  BeforeResourceCompile                      1 calls
        0 ms  ComputeLegacyManifestEmbedding             1 calls
        0 ms  _ALink                                     1 calls
        0 ms  _Manifest                                  1 calls
        0 ms  RegisterOutput                             1 calls
        0 ms  AfterBuild                                 1 calls
        0 ms  BuildLink                                  1 calls
        0 ms  _BuildLinkAction                           1 calls
        0 ms  PrepareForRun                              1 calls
        0 ms  _CheckForCompileOutputs                    1 calls
        0 ms  _CopySourceItemsToOutputDirectory          1 calls
        0 ms  GetCopyToOutputDirectoryItems              1 calls
        0 ms  GetCopyToOutputDirectoryXamlAppDefs        1 calls
        0 ms  AssignTargetPaths                          1 calls
        0 ms  _ClCompile                                 1 calls
        0 ms  _Deploy                                    1 calls
        0 ms  CreateSatelliteAssemblies                  1 calls
        0 ms  _GenerateSatelliteAssemblyInputs           1 calls
        0 ms  _BscMake                                   1 calls
        0 ms  MakeDirsForBscMake                         1 calls
        0 ms  ComputeCLCompileGeneratedSbrFiles          1 calls
        0 ms  _XdcMake                                   1 calls
        0 ms  MakeDirsForXdcMake                         1 calls
        0 ms  ComputeCLCompileGeneratedXDCFiles          1 calls
        0 ms  ResolvedXDCMake                            1 calls
        0 ms  _Appverifier                               1 calls
        0 ms  SelectClCompile                            1 calls
        0 ms  Build                                      1 calls
        0 ms  PreBuildEvent                              1 calls
        0 ms  BeforeResolveReferences                    1 calls
        0 ms  BuildGenerateSourcesTraverse               1 calls
        0 ms  MakeDirsForCl                              1 calls
        0 ms  ResolveReferences                          1 calls
        0 ms  AfterResolveReferences                     1 calls
        0 ms  ResolveAssemblyReferences                  1 calls
        0 ms  _HandlePackageFileConflicts                1 calls
        0 ms  ExpandSDKReferences                        1 calls
        0 ms  BeforeBuildGenerateSources                 1 calls
        0 ms  ResolveSDKReferences                       1 calls
        0 ms  SetCABuildNativeEnvironmentVariables       1 calls
        0 ms  _CheckWindowsSDKInstalled                  1 calls
        0 ms  GetResolvedWinMD                           1 calls
        0 ms  GetReferenceAssemblyPaths                  1 calls
        0 ms  GetFrameworkPaths                          1 calls
        0 ms  ResolveProjectReferences                   1 calls
        0 ms  PrepareProjectReferences                   1 calls
        0 ms  _GetProjectReferenceTargetFrameworkProperties   1 calls
        0 ms  PrepareForBuild                            1 calls
        0 ms  _SplitProjectReferencesByFileExistence     1 calls
        0 ms  AssignProjectConfiguration                 1 calls
        0 ms  SelectCustomBuild                          1 calls
        0 ms  SetTelemetryEnvironmentVariables           1 calls
        0 ms  _PrepareForBuild                           1 calls
        0 ms  ComputeReferenceCLInput                    1 calls
        0 ms  ComputeCLInputPDBName                      1 calls
        0 ms  BeforeClCompile                            1 calls
        0 ms  BuildCompileTraverse                       1 calls
        0 ms  BuildGenerateSources                       1 calls
        0 ms  _BuildGenerateSourcesAction                1 calls
        0 ms  _SelectedFiles                             1 calls
        0 ms  AfterBuildGenerateSourcesEvent             1 calls
        0 ms  _Midl                                      1 calls
        0 ms  AfterMidl                                  1 calls
        0 ms  ComputeMIDLGeneratedCompileInputs          1 calls
        0 ms  MakeDirsForMidl                            1 calls
        0 ms  _Xsd                                       1 calls
        0 ms  CopyFileToFolders                          1 calls
        0 ms  CustomBuild                                1 calls
        0 ms  _PrepareForReferenceResolution             1 calls
        0 ms  ComputeCustomBuildOutput                   1 calls
        0 ms  AfterBuildGenerateSources                  1 calls
        3 ms  _CheckForInvalidConfigurationAndPlatform   1 calls
        5 ms  SetBuildDefaultEnvironmentVariables        1 calls
        5 ms  FixupCLCompileOptions                      1 calls
        5 ms  InitializeBuildStatus                      1 calls
       10 ms  FinalizeBuildStatus                        1 calls
       10 ms  BuildLinkTraverse                          1 calls
       10 ms  CopyFilesToOutputDirectory                 1 calls
       80 ms  PostBuildEvent                             1 calls
     1110 ms  Lib                                        1 calls
     9245 ms  ClCompile                                  1 calls

Task Performance Summary:
        0 ms  Message                                    3 calls
        0 ms  SetEnv                                     8 calls
        0 ms  AssignProjectConfiguration                 1 calls
        0 ms  MSBuild                                    1 calls
        0 ms  MakeDir                                    9 calls
        0 ms  CheckVCToolsetVersion                      1 calls
        0 ms  ResolvePackageFileConflicts                1 calls
        0 ms  ReadLinesFromFile                          1 calls
        0 ms  AssignTargetPath                           6 calls
        0 ms  Touch                                      2 calls
        0 ms  GetOutOfDateItems                          3 calls
        5 ms  WriteLinesToFile                           1 calls
       10 ms  Delete                                     1 calls
       10 ms  Copy                                       1 calls
       80 ms  Exec                                       1 calls
     1100 ms  LIB                                        1 calls
     9245 ms  CL                                         4 calls
