d:\dev\hyperion\build\obj\debug-windows-x86_64\debug\hyperion\hyperion.pch
d:\dev\hyperion\build\obj\debug-windows-x86_64\debug\hyperion\hyperion.pdb
d:\dev\hyperion\build\obj\debug-windows-x86_64\debug\hyperion\hyperion.idb
d:\dev\hyperion\build\obj\debug-windows-x86_64\debug\hyperion\hyppch.obj
d:\dev\hyperion\build\obj\debug-windows-x86_64\debug\hyperion\vec3.obj
d:\dev\hyperion\build\obj\debug-windows-x86_64\debug\hyperion\vec2.obj
d:\dev\hyperion\build\obj\debug-windows-x86_64\debug\hyperion\mathf.obj
d:\dev\hyperion\build\obj\debug-windows-x86_64\debug\hyperion\mat4.obj
d:\dev\hyperion\build\obj\debug-windows-x86_64\debug\hyperion\bounds.obj
d:\dev\hyperion\build\obj\debug-windows-x86_64\debug\hyperion\file_watcher.obj
d:\dev\hyperion\build\obj\debug-windows-x86_64\debug\hyperion\game_object.obj
d:\dev\hyperion\build\obj\debug-windows-x86_64\debug\hyperion\transform_component.obj
d:\dev\hyperion\build\obj\debug-windows-x86_64\debug\hyperion\camera_controller.obj
d:\dev\hyperion\build\obj\debug-windows-x86_64\debug\hyperion\opengl_vertex_array.obj
d:\dev\hyperion\build\obj\debug-windows-x86_64\debug\hyperion\opengl_texture_2d.obj
d:\dev\hyperion\build\obj\debug-windows-x86_64\debug\hyperion\opengl_shader.obj
d:\dev\hyperion\build\obj\debug-windows-x86_64\debug\hyperion\opengl_render_texture.obj
d:\dev\hyperion\build\obj\debug-windows-x86_64\debug\hyperion\opengl_render_api.obj
d:\dev\hyperion\build\obj\debug-windows-x86_64\debug\hyperion\opengl_graphics_context.obj
d:\dev\hyperion\build\obj\debug-windows-x86_64\debug\hyperion\opengl_buffer.obj
d:\dev\hyperion\build\obj\debug-windows-x86_64\debug\hyperion\string_utils.obj
d:\dev\hyperion\build\obj\debug-windows-x86_64\debug\hyperion\audio_engine.obj
d:\dev\hyperion\build\obj\debug-windows-x86_64\debug\hyperion\input.obj
d:\dev\hyperion\build\obj\debug-windows-x86_64\debug\hyperion\application.obj
d:\dev\hyperion\build\obj\debug-windows-x86_64\debug\hyperion\log.obj
d:\dev\hyperion\build\obj\debug-windows-x86_64\debug\hyperion\engine.obj
d:\dev\hyperion\build\obj\debug-windows-x86_64\debug\hyperion\vertex_array.obj
d:\dev\hyperion\build\obj\debug-windows-x86_64\debug\hyperion\texture.obj
d:\dev\hyperion\build\obj\debug-windows-x86_64\debug\hyperion\shader.obj
d:\dev\hyperion\build\obj\debug-windows-x86_64\debug\hyperion\renderer.obj
d:\dev\hyperion\build\obj\debug-windows-x86_64\debug\hyperion\render_texture.obj
d:\dev\hyperion\build\obj\debug-windows-x86_64\debug\hyperion\render_command.obj
d:\dev\hyperion\build\obj\debug-windows-x86_64\debug\hyperion\mesh.obj
d:\dev\hyperion\build\obj\debug-windows-x86_64\debug\hyperion\immediate_renderer.obj
d:\dev\hyperion\build\obj\debug-windows-x86_64\debug\hyperion\camera.obj
d:\dev\hyperion\build\obj\debug-windows-x86_64\debug\hyperion\buffer.obj
d:\dev\hyperion\build\obj\debug-windows-x86_64\debug\hyperion\windows_window.obj
d:\dev\hyperion\build\obj\debug-windows-x86_64\debug\hyperion\windows_timer.obj
d:\dev\hyperion\build\obj\debug-windows-x86_64\debug\hyperion\windows_operating_system.obj
d:\dev\hyperion\build\obj\debug-windows-x86_64\debug\hyperion\windows_opengl_graphics_context.obj
d:\dev\hyperion\build\obj\debug-windows-x86_64\debug\hyperion\windows_file_watcher.obj
d:\dev\hyperion\build\obj\debug-windows-x86_64\debug\hyperion\windows_file_utilities.obj
d:\dev\hyperion\build\obj\debug-windows-x86_64\debug\hyperion\windows_display.obj
d:\dev\hyperion\build\obj\debug-windows-x86_64\debug\hyperion\vec4.obj
d:\dev\hyperion\build\obj\debug-windows-x86_64\debug\hyperion\stbi.obj
d:\dev\hyperion\build\obj\debug-windows-x86_64\debug\hyperion\format.obj
d:\dev\hyperion\build\obj\debug-windows-x86_64\debug\hyperion\glad_wgl.obj
d:\dev\hyperion\build\obj\debug-windows-x86_64\debug\hyperion\glad.obj
d:\dev\hyperion\build\bin\debug-windows-x86_64\hyperion.lib
d:\dev\hyperion\projects\hyperion\..\..\build\bin\debug-windows-x86_64\hyperion.lib
d:\dev\hyperion\build\obj\debug-windows-x86_64\debug\hyperion\hyperion.tlog\cl.command.1.tlog
d:\dev\hyperion\build\obj\debug-windows-x86_64\debug\hyperion\hyperion.tlog\cl.read.1.tlog
d:\dev\hyperion\build\obj\debug-windows-x86_64\debug\hyperion\hyperion.tlog\cl.write.1.tlog
d:\dev\hyperion\build\obj\debug-windows-x86_64\debug\hyperion\hyperion.tlog\lib-link.read.1.tlog
d:\dev\hyperion\build\obj\debug-windows-x86_64\debug\hyperion\hyperion.tlog\lib-link.write.1.tlog
d:\dev\hyperion\build\obj\debug-windows-x86_64\debug\hyperion\hyperion.tlog\lib.command.1.tlog
